<?xml version="1.0" encoding="UTF-8"?>
<!-- Generated by org.testng.reporters.JUnitReportReporter -->
<testsuite hostname="DESKTOP-EUA91B4" failures="0" tests="2" name="com.testng.Testng_Practice" time="9.351" errors="0" timestamp="2022-12-27T11:57:03 IST" skipped="0">
  <testcase classname="com.testng.Testng_Practice" name="book" time="0.240"/>
  <testcase classname="com.testng.Testng_Practice" name="apple" time="9.111"/>
</testsuite> <!-- com.testng.Testng_Practice -->
